mode: set
cli-project/tests/mocks/repository/mock_question_interface.go:27.81,31.2 3 0
cli-project/tests/mocks/repository/mock_question_interface.go:34.79,36.2 1 0
cli-project/tests/mocks/repository/mock_question_interface.go:39.78,44.2 4 0
cli-project/tests/mocks/repository/mock_question_interface.go:47.91,50.2 2 0
cli-project/tests/mocks/repository/mock_question_interface.go:53.73,58.2 4 0
cli-project/tests/mocks/repository/mock_question_interface.go:61.95,64.2 2 0
cli-project/tests/mocks/repository/mock_question_interface.go:67.64,73.2 5 0
cli-project/tests/mocks/repository/mock_question_interface.go:76.77,79.2 2 0
cli-project/tests/mocks/repository/mock_question_interface.go:82.79,88.2 5 0
cli-project/tests/mocks/repository/mock_question_interface.go:91.80,94.2 2 0
cli-project/tests/mocks/repository/mock_question_interface.go:97.91,103.2 5 0
cli-project/tests/mocks/repository/mock_question_interface.go:106.96,109.2 2 0
cli-project/tests/mocks/repository/mock_question_interface.go:112.108,118.2 5 0
cli-project/tests/mocks/repository/mock_question_interface.go:121.114,124.2 2 0
cli-project/tests/mocks/repository/mock_question_interface.go:127.80,133.2 5 0
cli-project/tests/mocks/repository/mock_question_interface.go:136.97,139.2 2 0
cli-project/tests/mocks/repository/mock_question_interface.go:142.87,148.2 5 0
cli-project/tests/mocks/repository/mock_question_interface.go:151.104,154.2 2 0
cli-project/tests/mocks/repository/mock_question_interface.go:157.72,162.2 4 0
cli-project/tests/mocks/repository/mock_question_interface.go:165.97,168.2 2 0
cli-project/tests/mocks/repository/mock_user_interface.go:27.73,31.2 3 0
cli-project/tests/mocks/repository/mock_user_interface.go:34.71,36.2 1 0
cli-project/tests/mocks/repository/mock_user_interface.go:39.57,44.2 4 0
cli-project/tests/mocks/repository/mock_user_interface.go:47.82,50.2 2 0
cli-project/tests/mocks/repository/mock_user_interface.go:53.75,59.2 5 0
cli-project/tests/mocks/repository/mock_user_interface.go:62.88,65.2 2 0
cli-project/tests/mocks/repository/mock_user_interface.go:68.74,73.2 4 0
cli-project/tests/mocks/repository/mock_user_interface.go:76.85,79.2 2 0
cli-project/tests/mocks/repository/mock_user_interface.go:82.78,88.2 5 0
cli-project/tests/mocks/repository/mock_user_interface.go:91.72,94.2 2 0
cli-project/tests/mocks/repository/mock_user_interface.go:97.87,103.2 5 0
cli-project/tests/mocks/repository/mock_user_interface.go:106.88,109.2 2 0
cli-project/tests/mocks/repository/mock_user_interface.go:112.93,118.2 5 0
cli-project/tests/mocks/repository/mock_user_interface.go:121.94,124.2 2 0
cli-project/tests/mocks/repository/mock_user_interface.go:127.80,133.2 5 0
cli-project/tests/mocks/repository/mock_user_interface.go:136.92,139.2 2 0
cli-project/tests/mocks/repository/mock_user_interface.go:142.71,148.2 5 0
cli-project/tests/mocks/repository/mock_user_interface.go:151.88,154.2 2 0
cli-project/tests/mocks/repository/mock_user_interface.go:157.76,163.2 5 0
cli-project/tests/mocks/repository/mock_user_interface.go:166.93,169.2 2 0
cli-project/tests/mocks/repository/mock_user_interface.go:172.74,178.2 5 0
cli-project/tests/mocks/repository/mock_user_interface.go:181.91,184.2 2 0
cli-project/tests/mocks/repository/mock_user_interface.go:187.59,192.2 4 0
cli-project/tests/mocks/repository/mock_user_interface.go:195.84,198.2 2 0
cli-project/tests/mocks/repository/mock_user_interface.go:201.81,206.2 4 0
cli-project/tests/mocks/repository/mock_user_interface.go:209.92,212.2 2 0
cli-project/tests/mocks/repository/mock_user_interface.go:215.94,220.2 4 0
cli-project/tests/mocks/repository/mock_user_interface.go:223.107,226.2 2 0
cli-project/tests/mocks/services/mock_auth_service_interface.go:25.67,29.2 3 0
cli-project/tests/mocks/services/mock_auth_service_interface.go:32.65,34.2 1 0
cli-project/tests/mocks/services/mock_auth_service_interface.go:37.69,43.2 5 0
cli-project/tests/mocks/services/mock_auth_service_interface.go:46.86,49.2 2 0
cli-project/tests/mocks/services/mock_auth_service_interface.go:52.79,58.2 5 0
cli-project/tests/mocks/services/mock_auth_service_interface.go:61.96,64.2 2 0
cli-project/tests/mocks/services/mock_auth_service_interface.go:67.75,73.2 5 0
cli-project/tests/mocks/services/mock_auth_service_interface.go:76.92,79.2 2 0
cli-project/tests/mocks/services/mock_auth_service_interface.go:82.83,88.2 5 0
cli-project/tests/mocks/services/mock_auth_service_interface.go:91.100,94.2 2 0
cli-project/tests/mocks/services/mock_leetcode_interface.go:26.67,30.2 3 0
cli-project/tests/mocks/services/mock_leetcode_interface.go:33.65,35.2 1 0
cli-project/tests/mocks/services/mock_leetcode_interface.go:38.117,44.2 5 0
cli-project/tests/mocks/services/mock_leetcode_interface.go:47.93,50.2 2 0
cli-project/tests/mocks/services/mock_leetcode_interface.go:53.107,59.2 5 0
cli-project/tests/mocks/services/mock_leetcode_interface.go:62.105,65.2 2 0
cli-project/tests/mocks/services/mock_leetcode_interface.go:68.90,74.2 5 0
cli-project/tests/mocks/services/mock_leetcode_interface.go:77.90,80.2 2 0
cli-project/tests/mocks/services/mock_leetcode_interface.go:83.86,89.2 5 0
cli-project/tests/mocks/services/mock_leetcode_interface.go:92.86,95.2 2 0
cli-project/tests/mocks/services/mock_leetcode_interface.go:98.75,104.2 5 0
cli-project/tests/mocks/services/mock_leetcode_interface.go:107.92,110.2 2 0
cli-project/tests/mocks/services/mock_question_service_interface.go:27.75,31.2 3 0
cli-project/tests/mocks/services/mock_question_service_interface.go:34.73,36.2 1 0
cli-project/tests/mocks/services/mock_question_service_interface.go:39.91,45.2 5 0
cli-project/tests/mocks/services/mock_question_service_interface.go:48.108,51.2 2 0
cli-project/tests/mocks/services/mock_question_service_interface.go:54.74,60.2 5 0
cli-project/tests/mocks/services/mock_question_service_interface.go:63.75,66.2 2 0
cli-project/tests/mocks/services/mock_question_service_interface.go:69.92,75.2 5 0
cli-project/tests/mocks/services/mock_question_service_interface.go:78.97,81.2 2 0
cli-project/tests/mocks/services/mock_question_service_interface.go:84.113,90.2 5 0
cli-project/tests/mocks/services/mock_question_service_interface.go:93.119,96.2 2 0
cli-project/tests/mocks/services/mock_question_service_interface.go:99.69,105.2 5 0
cli-project/tests/mocks/services/mock_question_service_interface.go:108.82,111.2 2 0
cli-project/tests/mocks/services/mock_question_service_interface.go:114.83,120.2 5 0
cli-project/tests/mocks/services/mock_question_service_interface.go:123.100,126.2 2 0
cli-project/tests/mocks/services/mock_question_service_interface.go:129.84,135.2 5 0
cli-project/tests/mocks/services/mock_question_service_interface.go:138.101,141.2 2 0
cli-project/tests/mocks/services/mock_question_service_interface.go:144.75,149.2 4 0
cli-project/tests/mocks/services/mock_question_service_interface.go:152.100,155.2 2 0
cli-project/tests/mocks/services/mock_user_service_interface.go:26.67,30.2 3 0
cli-project/tests/mocks/services/mock_user_service_interface.go:33.65,35.2 1 0
cli-project/tests/mocks/services/mock_user_service_interface.go:38.66,44.2 5 0
cli-project/tests/mocks/services/mock_user_service_interface.go:47.83,50.2 2 0
cli-project/tests/mocks/services/mock_user_service_interface.go:53.71,59.2 5 0
cli-project/tests/mocks/services/mock_user_service_interface.go:62.84,65.2 2 0
cli-project/tests/mocks/services/mock_user_service_interface.go:68.73,74.2 5 0
cli-project/tests/mocks/services/mock_user_service_interface.go:77.67,80.2 2 0
cli-project/tests/mocks/services/mock_user_service_interface.go:83.77,89.2 5 0
cli-project/tests/mocks/services/mock_user_service_interface.go:92.72,95.2 2 0
cli-project/tests/mocks/services/mock_user_service_interface.go:98.84,104.2 5 0
cli-project/tests/mocks/services/mock_user_service_interface.go:107.85,110.2 2 0
cli-project/tests/mocks/services/mock_user_service_interface.go:113.92,119.2 5 0
cli-project/tests/mocks/services/mock_user_service_interface.go:122.93,125.2 2 0
cli-project/tests/mocks/services/mock_user_service_interface.go:128.94,134.2 5 0
cli-project/tests/mocks/services/mock_user_service_interface.go:137.94,140.2 2 0
cli-project/tests/mocks/services/mock_user_service_interface.go:143.70,149.2 5 0
cli-project/tests/mocks/services/mock_user_service_interface.go:152.85,155.2 2 0
cli-project/tests/mocks/services/mock_user_service_interface.go:158.94,164.2 5 0
cli-project/tests/mocks/services/mock_user_service_interface.go:167.94,170.2 2 0
cli-project/tests/mocks/services/mock_user_service_interface.go:173.77,179.2 5 0
cli-project/tests/mocks/services/mock_user_service_interface.go:182.89,185.2 2 0
cli-project/tests/mocks/services/mock_user_service_interface.go:188.70,194.2 5 0
cli-project/tests/mocks/services/mock_user_service_interface.go:197.85,200.2 2 0
cli-project/tests/mocks/services/mock_user_service_interface.go:203.69,209.2 5 0
cli-project/tests/mocks/services/mock_user_service_interface.go:212.86,215.2 2 0
cli-project/tests/mocks/services/mock_user_service_interface.go:218.66,223.2 4 0
cli-project/tests/mocks/services/mock_user_service_interface.go:226.91,229.2 2 0
cli-project/tests/mocks/services/mock_user_service_interface.go:232.42,237.2 4 0
cli-project/tests/mocks/services/mock_user_service_interface.go:240.62,243.2 2 0
cli-project/tests/mocks/services/mock_user_service_interface.go:246.67,251.2 4 0
cli-project/tests/mocks/services/mock_user_service_interface.go:254.78,257.2 2 0
cli-project/tests/mocks/services/mock_user_service_interface.go:260.68,266.2 5 0
cli-project/tests/mocks/services/mock_user_service_interface.go:269.85,272.2 2 0
cli-project/tests/mocks/services/mock_user_service_interface.go:275.54,280.2 4 0
cli-project/tests/mocks/services/mock_user_service_interface.go:283.74,286.2 2 0
cli-project/tests/mocks/services/mock_user_service_interface.go:289.49,294.2 4 0
cli-project/tests/mocks/services/mock_user_service_interface.go:297.69,300.2 2 0
cli-project/tests/mocks/repository/mock_question_interface.go:27.81,31.2 3 1
cli-project/tests/mocks/repository/mock_question_interface.go:34.79,36.2 1 0
cli-project/tests/mocks/repository/mock_question_interface.go:39.78,44.2 4 0
cli-project/tests/mocks/repository/mock_question_interface.go:47.91,50.2 2 0
cli-project/tests/mocks/repository/mock_question_interface.go:53.73,58.2 4 0
cli-project/tests/mocks/repository/mock_question_interface.go:61.95,64.2 2 0
cli-project/tests/mocks/repository/mock_question_interface.go:67.64,73.2 5 0
cli-project/tests/mocks/repository/mock_question_interface.go:76.77,79.2 2 0
cli-project/tests/mocks/repository/mock_question_interface.go:82.79,88.2 5 0
cli-project/tests/mocks/repository/mock_question_interface.go:91.80,94.2 2 0
cli-project/tests/mocks/repository/mock_question_interface.go:97.91,103.2 5 0
cli-project/tests/mocks/repository/mock_question_interface.go:106.96,109.2 2 0
cli-project/tests/mocks/repository/mock_question_interface.go:112.108,118.2 5 0
cli-project/tests/mocks/repository/mock_question_interface.go:121.114,124.2 2 0
cli-project/tests/mocks/repository/mock_question_interface.go:127.80,133.2 5 0
cli-project/tests/mocks/repository/mock_question_interface.go:136.97,139.2 2 0
cli-project/tests/mocks/repository/mock_question_interface.go:142.87,148.2 5 0
cli-project/tests/mocks/repository/mock_question_interface.go:151.104,154.2 2 0
cli-project/tests/mocks/repository/mock_question_interface.go:157.72,162.2 4 0
cli-project/tests/mocks/repository/mock_question_interface.go:165.97,168.2 2 0
cli-project/tests/mocks/repository/mock_user_interface.go:27.73,31.2 3 1
cli-project/tests/mocks/repository/mock_user_interface.go:34.71,36.2 1 0
cli-project/tests/mocks/repository/mock_user_interface.go:39.57,44.2 4 0
cli-project/tests/mocks/repository/mock_user_interface.go:47.82,50.2 2 0
cli-project/tests/mocks/repository/mock_user_interface.go:53.75,59.2 5 0
cli-project/tests/mocks/repository/mock_user_interface.go:62.88,65.2 2 0
cli-project/tests/mocks/repository/mock_user_interface.go:68.74,73.2 4 0
cli-project/tests/mocks/repository/mock_user_interface.go:76.85,79.2 2 0
cli-project/tests/mocks/repository/mock_user_interface.go:82.78,88.2 5 0
cli-project/tests/mocks/repository/mock_user_interface.go:91.72,94.2 2 0
cli-project/tests/mocks/repository/mock_user_interface.go:97.87,103.2 5 0
cli-project/tests/mocks/repository/mock_user_interface.go:106.88,109.2 2 0
cli-project/tests/mocks/repository/mock_user_interface.go:112.93,118.2 5 0
cli-project/tests/mocks/repository/mock_user_interface.go:121.94,124.2 2 0
cli-project/tests/mocks/repository/mock_user_interface.go:127.80,133.2 5 0
cli-project/tests/mocks/repository/mock_user_interface.go:136.92,139.2 2 0
cli-project/tests/mocks/repository/mock_user_interface.go:142.71,148.2 5 0
cli-project/tests/mocks/repository/mock_user_interface.go:151.88,154.2 2 0
cli-project/tests/mocks/repository/mock_user_interface.go:157.76,163.2 5 0
cli-project/tests/mocks/repository/mock_user_interface.go:166.93,169.2 2 0
cli-project/tests/mocks/repository/mock_user_interface.go:172.74,178.2 5 0
cli-project/tests/mocks/repository/mock_user_interface.go:181.91,184.2 2 0
cli-project/tests/mocks/repository/mock_user_interface.go:187.59,192.2 4 0
cli-project/tests/mocks/repository/mock_user_interface.go:195.84,198.2 2 0
cli-project/tests/mocks/repository/mock_user_interface.go:201.81,206.2 4 0
cli-project/tests/mocks/repository/mock_user_interface.go:209.92,212.2 2 0
cli-project/tests/mocks/repository/mock_user_interface.go:215.94,220.2 4 0
cli-project/tests/mocks/repository/mock_user_interface.go:223.107,226.2 2 0
cli-project/tests/mocks/services/mock_auth_service_interface.go:25.67,29.2 3 1
cli-project/tests/mocks/services/mock_auth_service_interface.go:32.65,34.2 1 0
cli-project/tests/mocks/services/mock_auth_service_interface.go:37.69,43.2 5 0
cli-project/tests/mocks/services/mock_auth_service_interface.go:46.86,49.2 2 0
cli-project/tests/mocks/services/mock_auth_service_interface.go:52.79,58.2 5 0
cli-project/tests/mocks/services/mock_auth_service_interface.go:61.96,64.2 2 0
cli-project/tests/mocks/services/mock_auth_service_interface.go:67.75,73.2 5 0
cli-project/tests/mocks/services/mock_auth_service_interface.go:76.92,79.2 2 0
cli-project/tests/mocks/services/mock_auth_service_interface.go:82.83,88.2 5 0
cli-project/tests/mocks/services/mock_auth_service_interface.go:91.100,94.2 2 0
cli-project/tests/mocks/services/mock_leetcode_interface.go:26.67,30.2 3 1
cli-project/tests/mocks/services/mock_leetcode_interface.go:33.65,35.2 1 0
cli-project/tests/mocks/services/mock_leetcode_interface.go:38.117,44.2 5 0
cli-project/tests/mocks/services/mock_leetcode_interface.go:47.93,50.2 2 0
cli-project/tests/mocks/services/mock_leetcode_interface.go:53.107,59.2 5 0
cli-project/tests/mocks/services/mock_leetcode_interface.go:62.105,65.2 2 0
cli-project/tests/mocks/services/mock_leetcode_interface.go:68.90,74.2 5 0
cli-project/tests/mocks/services/mock_leetcode_interface.go:77.90,80.2 2 0
cli-project/tests/mocks/services/mock_leetcode_interface.go:83.86,89.2 5 0
cli-project/tests/mocks/services/mock_leetcode_interface.go:92.86,95.2 2 0
cli-project/tests/mocks/services/mock_leetcode_interface.go:98.75,104.2 5 0
cli-project/tests/mocks/services/mock_leetcode_interface.go:107.92,110.2 2 0
cli-project/tests/mocks/services/mock_question_service_interface.go:27.75,31.2 3 1
cli-project/tests/mocks/services/mock_question_service_interface.go:34.73,36.2 1 0
cli-project/tests/mocks/services/mock_question_service_interface.go:39.91,45.2 5 0
cli-project/tests/mocks/services/mock_question_service_interface.go:48.108,51.2 2 0
cli-project/tests/mocks/services/mock_question_service_interface.go:54.74,60.2 5 0
cli-project/tests/mocks/services/mock_question_service_interface.go:63.75,66.2 2 0
cli-project/tests/mocks/services/mock_question_service_interface.go:69.92,75.2 5 0
cli-project/tests/mocks/services/mock_question_service_interface.go:78.97,81.2 2 0
cli-project/tests/mocks/services/mock_question_service_interface.go:84.113,90.2 5 0
cli-project/tests/mocks/services/mock_question_service_interface.go:93.119,96.2 2 0
cli-project/tests/mocks/services/mock_question_service_interface.go:99.69,105.2 5 0
cli-project/tests/mocks/services/mock_question_service_interface.go:108.82,111.2 2 0
cli-project/tests/mocks/services/mock_question_service_interface.go:114.83,120.2 5 0
cli-project/tests/mocks/services/mock_question_service_interface.go:123.100,126.2 2 0
cli-project/tests/mocks/services/mock_question_service_interface.go:129.84,135.2 5 0
cli-project/tests/mocks/services/mock_question_service_interface.go:138.101,141.2 2 0
cli-project/tests/mocks/services/mock_question_service_interface.go:144.75,149.2 4 0
cli-project/tests/mocks/services/mock_question_service_interface.go:152.100,155.2 2 0
cli-project/tests/mocks/services/mock_user_service_interface.go:26.67,30.2 3 1
cli-project/tests/mocks/services/mock_user_service_interface.go:33.65,35.2 1 0
cli-project/tests/mocks/services/mock_user_service_interface.go:38.66,44.2 5 0
cli-project/tests/mocks/services/mock_user_service_interface.go:47.83,50.2 2 0
cli-project/tests/mocks/services/mock_user_service_interface.go:53.71,59.2 5 0
cli-project/tests/mocks/services/mock_user_service_interface.go:62.84,65.2 2 0
cli-project/tests/mocks/services/mock_user_service_interface.go:68.73,74.2 5 0
cli-project/tests/mocks/services/mock_user_service_interface.go:77.67,80.2 2 0
cli-project/tests/mocks/services/mock_user_service_interface.go:83.77,89.2 5 0
cli-project/tests/mocks/services/mock_user_service_interface.go:92.72,95.2 2 0
cli-project/tests/mocks/services/mock_user_service_interface.go:98.84,104.2 5 0
cli-project/tests/mocks/services/mock_user_service_interface.go:107.85,110.2 2 0
cli-project/tests/mocks/services/mock_user_service_interface.go:113.92,119.2 5 0
cli-project/tests/mocks/services/mock_user_service_interface.go:122.93,125.2 2 0
cli-project/tests/mocks/services/mock_user_service_interface.go:128.94,134.2 5 0
cli-project/tests/mocks/services/mock_user_service_interface.go:137.94,140.2 2 0
cli-project/tests/mocks/services/mock_user_service_interface.go:143.70,149.2 5 0
cli-project/tests/mocks/services/mock_user_service_interface.go:152.85,155.2 2 0
cli-project/tests/mocks/services/mock_user_service_interface.go:158.94,164.2 5 0
cli-project/tests/mocks/services/mock_user_service_interface.go:167.94,170.2 2 0
cli-project/tests/mocks/services/mock_user_service_interface.go:173.77,179.2 5 0
cli-project/tests/mocks/services/mock_user_service_interface.go:182.89,185.2 2 0
cli-project/tests/mocks/services/mock_user_service_interface.go:188.70,194.2 5 0
cli-project/tests/mocks/services/mock_user_service_interface.go:197.85,200.2 2 0
cli-project/tests/mocks/services/mock_user_service_interface.go:203.69,209.2 5 0
cli-project/tests/mocks/services/mock_user_service_interface.go:212.86,215.2 2 0
cli-project/tests/mocks/services/mock_user_service_interface.go:218.66,223.2 4 0
cli-project/tests/mocks/services/mock_user_service_interface.go:226.91,229.2 2 0
cli-project/tests/mocks/services/mock_user_service_interface.go:232.42,237.2 4 0
cli-project/tests/mocks/services/mock_user_service_interface.go:240.62,243.2 2 0
cli-project/tests/mocks/services/mock_user_service_interface.go:246.67,251.2 4 0
cli-project/tests/mocks/services/mock_user_service_interface.go:254.78,257.2 2 0
cli-project/tests/mocks/services/mock_user_service_interface.go:260.68,266.2 5 0
cli-project/tests/mocks/services/mock_user_service_interface.go:269.85,272.2 2 0
cli-project/tests/mocks/services/mock_user_service_interface.go:275.54,280.2 4 0
cli-project/tests/mocks/services/mock_user_service_interface.go:283.74,286.2 2 0
cli-project/tests/mocks/services/mock_user_service_interface.go:289.49,294.2 4 0
cli-project/tests/mocks/services/mock_user_service_interface.go:297.69,300.2 2 0
cli-project/tests/mocks/repository/mock_question_interface.go:27.81,31.2 3 1
cli-project/tests/mocks/repository/mock_question_interface.go:34.79,36.2 1 1
cli-project/tests/mocks/repository/mock_question_interface.go:39.78,44.2 4 1
cli-project/tests/mocks/repository/mock_question_interface.go:47.91,50.2 2 1
cli-project/tests/mocks/repository/mock_question_interface.go:53.73,58.2 4 0
cli-project/tests/mocks/repository/mock_question_interface.go:61.95,64.2 2 0
cli-project/tests/mocks/repository/mock_question_interface.go:67.64,73.2 5 1
cli-project/tests/mocks/repository/mock_question_interface.go:76.77,79.2 2 1
cli-project/tests/mocks/repository/mock_question_interface.go:82.79,88.2 5 1
cli-project/tests/mocks/repository/mock_question_interface.go:91.80,94.2 2 1
cli-project/tests/mocks/repository/mock_question_interface.go:97.91,103.2 5 1
cli-project/tests/mocks/repository/mock_question_interface.go:106.96,109.2 2 1
cli-project/tests/mocks/repository/mock_question_interface.go:112.108,118.2 5 1
cli-project/tests/mocks/repository/mock_question_interface.go:121.114,124.2 2 1
cli-project/tests/mocks/repository/mock_question_interface.go:127.80,133.2 5 1
cli-project/tests/mocks/repository/mock_question_interface.go:136.97,139.2 2 1
cli-project/tests/mocks/repository/mock_question_interface.go:142.87,148.2 5 1
cli-project/tests/mocks/repository/mock_question_interface.go:151.104,154.2 2 1
cli-project/tests/mocks/repository/mock_question_interface.go:157.72,162.2 4 1
cli-project/tests/mocks/repository/mock_question_interface.go:165.97,168.2 2 1
cli-project/tests/mocks/repository/mock_user_interface.go:27.73,31.2 3 1
cli-project/tests/mocks/repository/mock_user_interface.go:34.71,36.2 1 1
cli-project/tests/mocks/repository/mock_user_interface.go:39.57,44.2 4 1
cli-project/tests/mocks/repository/mock_user_interface.go:47.82,50.2 2 1
cli-project/tests/mocks/repository/mock_user_interface.go:53.75,59.2 5 1
cli-project/tests/mocks/repository/mock_user_interface.go:62.88,65.2 2 1
cli-project/tests/mocks/repository/mock_user_interface.go:68.74,73.2 4 1
cli-project/tests/mocks/repository/mock_user_interface.go:76.85,79.2 2 1
cli-project/tests/mocks/repository/mock_user_interface.go:82.78,88.2 5 1
cli-project/tests/mocks/repository/mock_user_interface.go:91.72,94.2 2 1
cli-project/tests/mocks/repository/mock_user_interface.go:97.87,103.2 5 1
cli-project/tests/mocks/repository/mock_user_interface.go:106.88,109.2 2 1
cli-project/tests/mocks/repository/mock_user_interface.go:112.93,118.2 5 1
cli-project/tests/mocks/repository/mock_user_interface.go:121.94,124.2 2 1
cli-project/tests/mocks/repository/mock_user_interface.go:127.80,133.2 5 1
cli-project/tests/mocks/repository/mock_user_interface.go:136.92,139.2 2 1
cli-project/tests/mocks/repository/mock_user_interface.go:142.71,148.2 5 1
cli-project/tests/mocks/repository/mock_user_interface.go:151.88,154.2 2 1
cli-project/tests/mocks/repository/mock_user_interface.go:157.76,163.2 5 1
cli-project/tests/mocks/repository/mock_user_interface.go:166.93,169.2 2 1
cli-project/tests/mocks/repository/mock_user_interface.go:172.74,178.2 5 1
cli-project/tests/mocks/repository/mock_user_interface.go:181.91,184.2 2 1
cli-project/tests/mocks/repository/mock_user_interface.go:187.59,192.2 4 0
cli-project/tests/mocks/repository/mock_user_interface.go:195.84,198.2 2 0
cli-project/tests/mocks/repository/mock_user_interface.go:201.81,206.2 4 1
cli-project/tests/mocks/repository/mock_user_interface.go:209.92,212.2 2 1
cli-project/tests/mocks/repository/mock_user_interface.go:215.94,220.2 4 0
cli-project/tests/mocks/repository/mock_user_interface.go:223.107,226.2 2 1
cli-project/tests/mocks/services/mock_auth_service_interface.go:25.67,29.2 3 1
cli-project/tests/mocks/services/mock_auth_service_interface.go:32.65,34.2 1 0
cli-project/tests/mocks/services/mock_auth_service_interface.go:37.69,43.2 5 0
cli-project/tests/mocks/services/mock_auth_service_interface.go:46.86,49.2 2 0
cli-project/tests/mocks/services/mock_auth_service_interface.go:52.79,58.2 5 0
cli-project/tests/mocks/services/mock_auth_service_interface.go:61.96,64.2 2 0
cli-project/tests/mocks/services/mock_auth_service_interface.go:67.75,73.2 5 0
cli-project/tests/mocks/services/mock_auth_service_interface.go:76.92,79.2 2 0
cli-project/tests/mocks/services/mock_auth_service_interface.go:82.83,88.2 5 0
cli-project/tests/mocks/services/mock_auth_service_interface.go:91.100,94.2 2 0
cli-project/tests/mocks/services/mock_leetcode_interface.go:26.67,30.2 3 1
cli-project/tests/mocks/services/mock_leetcode_interface.go:33.65,35.2 1 1
cli-project/tests/mocks/services/mock_leetcode_interface.go:38.117,44.2 5 0
cli-project/tests/mocks/services/mock_leetcode_interface.go:47.93,50.2 2 0
cli-project/tests/mocks/services/mock_leetcode_interface.go:53.107,59.2 5 0
cli-project/tests/mocks/services/mock_leetcode_interface.go:62.105,65.2 2 1
cli-project/tests/mocks/services/mock_leetcode_interface.go:68.90,74.2 5 0
cli-project/tests/mocks/services/mock_leetcode_interface.go:77.90,80.2 2 1
cli-project/tests/mocks/services/mock_leetcode_interface.go:83.86,89.2 5 1
cli-project/tests/mocks/services/mock_leetcode_interface.go:92.86,95.2 2 1
cli-project/tests/mocks/services/mock_leetcode_interface.go:98.75,104.2 5 1
cli-project/tests/mocks/services/mock_leetcode_interface.go:107.92,110.2 2 1
cli-project/tests/mocks/services/mock_question_service_interface.go:27.75,31.2 3 1
cli-project/tests/mocks/services/mock_question_service_interface.go:34.73,36.2 1 1
cli-project/tests/mocks/services/mock_question_service_interface.go:39.91,45.2 5 0
cli-project/tests/mocks/services/mock_question_service_interface.go:48.108,51.2 2 0
cli-project/tests/mocks/services/mock_question_service_interface.go:54.74,60.2 5 1
cli-project/tests/mocks/services/mock_question_service_interface.go:63.75,66.2 2 1
cli-project/tests/mocks/services/mock_question_service_interface.go:69.92,75.2 5 1
cli-project/tests/mocks/services/mock_question_service_interface.go:78.97,81.2 2 1
cli-project/tests/mocks/services/mock_question_service_interface.go:84.113,90.2 5 0
cli-project/tests/mocks/services/mock_question_service_interface.go:93.119,96.2 2 0
cli-project/tests/mocks/services/mock_question_service_interface.go:99.69,105.2 5 1
cli-project/tests/mocks/services/mock_question_service_interface.go:108.82,111.2 2 1
cli-project/tests/mocks/services/mock_question_service_interface.go:114.83,120.2 5 0
cli-project/tests/mocks/services/mock_question_service_interface.go:123.100,126.2 2 0
cli-project/tests/mocks/services/mock_question_service_interface.go:129.84,135.2 5 0
cli-project/tests/mocks/services/mock_question_service_interface.go:138.101,141.2 2 1
cli-project/tests/mocks/services/mock_question_service_interface.go:144.75,149.2 4 0
cli-project/tests/mocks/services/mock_question_service_interface.go:152.100,155.2 2 0
cli-project/tests/mocks/services/mock_user_service_interface.go:26.67,30.2 3 1
cli-project/tests/mocks/services/mock_user_service_interface.go:33.65,35.2 1 0
cli-project/tests/mocks/services/mock_user_service_interface.go:38.66,44.2 5 0
cli-project/tests/mocks/services/mock_user_service_interface.go:47.83,50.2 2 0
cli-project/tests/mocks/services/mock_user_service_interface.go:53.71,59.2 5 0
cli-project/tests/mocks/services/mock_user_service_interface.go:62.84,65.2 2 0
cli-project/tests/mocks/services/mock_user_service_interface.go:68.73,74.2 5 0
cli-project/tests/mocks/services/mock_user_service_interface.go:77.67,80.2 2 0
cli-project/tests/mocks/services/mock_user_service_interface.go:83.77,89.2 5 0
cli-project/tests/mocks/services/mock_user_service_interface.go:92.72,95.2 2 0
cli-project/tests/mocks/services/mock_user_service_interface.go:98.84,104.2 5 0
cli-project/tests/mocks/services/mock_user_service_interface.go:107.85,110.2 2 0
cli-project/tests/mocks/services/mock_user_service_interface.go:113.92,119.2 5 0
cli-project/tests/mocks/services/mock_user_service_interface.go:122.93,125.2 2 0
cli-project/tests/mocks/services/mock_user_service_interface.go:128.94,134.2 5 0
cli-project/tests/mocks/services/mock_user_service_interface.go:137.94,140.2 2 0
cli-project/tests/mocks/services/mock_user_service_interface.go:143.70,149.2 5 0
cli-project/tests/mocks/services/mock_user_service_interface.go:152.85,155.2 2 0
cli-project/tests/mocks/services/mock_user_service_interface.go:158.94,164.2 5 0
cli-project/tests/mocks/services/mock_user_service_interface.go:167.94,170.2 2 0
cli-project/tests/mocks/services/mock_user_service_interface.go:173.77,179.2 5 0
cli-project/tests/mocks/services/mock_user_service_interface.go:182.89,185.2 2 0
cli-project/tests/mocks/services/mock_user_service_interface.go:188.70,194.2 5 0
cli-project/tests/mocks/services/mock_user_service_interface.go:197.85,200.2 2 0
cli-project/tests/mocks/services/mock_user_service_interface.go:203.69,209.2 5 0
cli-project/tests/mocks/services/mock_user_service_interface.go:212.86,215.2 2 0
cli-project/tests/mocks/services/mock_user_service_interface.go:218.66,223.2 4 0
cli-project/tests/mocks/services/mock_user_service_interface.go:226.91,229.2 2 0
cli-project/tests/mocks/services/mock_user_service_interface.go:232.42,237.2 4 0
cli-project/tests/mocks/services/mock_user_service_interface.go:240.62,243.2 2 0
cli-project/tests/mocks/services/mock_user_service_interface.go:246.67,251.2 4 0
cli-project/tests/mocks/services/mock_user_service_interface.go:254.78,257.2 2 0
cli-project/tests/mocks/services/mock_user_service_interface.go:260.68,266.2 5 0
cli-project/tests/mocks/services/mock_user_service_interface.go:269.85,272.2 2 0
cli-project/tests/mocks/services/mock_user_service_interface.go:275.54,280.2 4 0
cli-project/tests/mocks/services/mock_user_service_interface.go:283.74,286.2 2 0
cli-project/tests/mocks/services/mock_user_service_interface.go:289.49,294.2 4 0
cli-project/tests/mocks/services/mock_user_service_interface.go:297.69,300.2 2 0
