{"level":"ERROR","time":"2024-09-20T06:53:13+05:30","msg":"Signup failed","method":"POST","error":"could not register user","time":"2024-09-20T06:53:13+05:30"}
{"level":"ERROR","time":"2024-09-20T07:01:02+05:30","msg":"Signup failed","method":"POST","error":"email already exists: dummy@outlook.com","time":"2024-09-20T07:01:02+05:30"}
{"level":"ERROR","time":"2024-09-20T07:01:20+05:30","msg":"Logout failed","method":"POST","error":"user not found: failed to fetch user: ERROR: invalid input syntax for type uuid: \"\" (SQLSTATE 22P02)","time":"2024-09-20T07:01:20+05:30"}
{"level":"ERROR","time":"2024-09-20T07:01:40+05:30","msg":"Logout failed","method":"POST","error":"user not found: failed to fetch user: ERROR: invalid input syntax for type uuid: \"\" (SQLSTATE 22P02)","time":"2024-09-20T07:01:40+05:30"}
{"level":"ERROR","time":"2024-09-20T07:03:51+05:30","msg":"Authentication failed","method":"POST","error":"invalid password","username":"pravin","time":"2024-09-20T07:03:51+05:30"}
{"level":"ERROR","time":"2024-09-20T07:04:04+05:30","msg":"Signup failed","method":"POST","error":"username already exists: dummy_user","time":"2024-09-20T07:04:04+05:30"}
{"level":"ERROR","time":"2024-09-20T07:09:14+05:30","msg":"Signup failed","method":"POST","error":"username already exists: dummy_user","time":"2024-09-20T07:09:14+05:30"}
{"level":"ERROR","time":"2024-09-20T07:10:40+05:30","msg":"Authentication failed","method":"POST","error":"invalid password","username":"pravin","time":"2024-09-20T07:10:40+05:30"}
{"level":"ERROR","time":"2024-09-20T08:17:20+05:30","msg":"Invalid token","error":"Token is expired","time":"2024-09-20T08:17:20+05:30"}
{"level":"ERROR","time":"2024-09-20T08:17:31+05:30","msg":"Invalid token","error":"Token is expired","time":"2024-09-20T08:17:31+05:30"}
{"level":"ERROR","time":"2024-09-20T08:29:14+05:30","msg":"Invalid token","error":"Token is expired","time":"2024-09-20T08:29:14+05:30"}
{"level":"ERROR","time":"2024-09-20T08:40:11+05:30","msg":"Invalid token","error":"Token is expired","time":"2024-09-20T08:40:11+05:30"}
{"level":"ERROR","time":"2024-09-20T08:46:47+05:30","msg":"Invalid token","error":"Token is expired","time":"2024-09-20T08:46:47+05:30"}
{"level":"ERROR","time":"2024-09-20T09:45:24+05:30","msg":"Invalid token","error":"token contains an invalid number of segments","time":"2024-09-20T09:45:24+05:30"}
{"level":"ERROR","time":"2024-09-20T11:51:09+05:30","msg":"Missing Authorization header","error":null,"time":"2024-09-20T11:51:09+05:30"}
{"level":"ERROR","time":"2024-09-20T12:19:36+05:30","msg":"Missing Authorization header","error":null,"time":"2024-09-20T12:19:36+05:30"}
{"level":"ERROR","time":"2024-09-20T13:43:07+05:30","msg":"Missing Authorization header","error":null,"time":"2024-09-20T13:43:07+05:30"}
{"level":"ERROR","time":"2024-09-20T13:49:50+05:30","msg":"Invalid token","error":"Token is expired","time":"2024-09-20T13:49:50+05:30"}
{"level":"ERROR","time":"2024-09-20T15:04:20+05:30","msg":"Missing Authorization header","error":null,"time":"2024-09-20T15:04:20+05:30"}
{"level":"ERROR","time":"2024-09-20T15:04:59+05:30","msg":"Missing Authorization header","error":null,"time":"2024-09-20T15:04:59+05:30"}
{"level":"ERROR","time":"2024-09-20T15:47:59+05:30","msg":"Invalid token","error":"Token is expired","time":"2024-09-20T15:47:59+05:30"}
{"level":"ERROR","time":"2024-09-20T15:53:59+05:30","msg":"Invalid token","error":"Token is expired","time":"2024-09-20T15:53:59+05:30"}
{"level":"ERROR","time":"2024-09-20T16:08:39+05:30","msg":"Signup failed","method":"POST","error":"email already exists: dummy@outlook.com","time":"2024-09-20T16:08:39+05:30"}
{"level":"ERROR","time":"2024-09-20T16:16:22+05:30","msg":"Invalid token","error":"Token is expired","time":"2024-09-20T16:16:22+05:30"}
{"level":"ERROR","time":"2024-09-20T16:43:09+05:30","msg":"Signup failed","method":"POST","error":"username already exists: dummy_user","time":"2024-09-20T16:43:09+05:30"}
{"level":"ERROR","time":"2024-09-20T16:44:05+05:30","msg":"Authentication failed","method":"POST","error":"db error: user not found: sql: no rows in result set","username":"pravi","time":"2024-09-20T16:44:05+05:30"}
{"level":"ERROR","time":"2024-09-20T16:44:16+05:30","msg":"Error decoding request body","method":"POST","error":"invalid character '\\n' in string literal","time":"2024-09-20T16:44:16+05:30"}
{"level":"ERROR","time":"2024-09-20T16:44:23+05:30","msg":"Error decoding request body","method":"POST","error":"invalid character '}' looking for beginning of object key string","time":"2024-09-20T16:44:23+05:30"}
{"level":"ERROR","time":"2024-09-20T16:44:30+05:30","msg":"Authentication failed","method":"POST","error":"db error: user not found: sql: no rows in result set","username":"pravi","time":"2024-09-20T16:44:30+05:30"}
{"level":"ERROR","time":"2024-09-22T11:47:26+05:30","msg":"Invalid token","error":"token contains an invalid number of segments","time":"2024-09-22T11:47:26+05:30"}
{"level":"ERROR","time":"2024-09-22T11:47:35+05:30","msg":"Invalid token","error":"token contains an invalid number of segments","time":"2024-09-22T11:47:35+05:30"}
{"level":"ERROR","time":"2024-09-22T12:01:23+05:30","msg":"Invalid token","error":"Token is expired","time":"2024-09-22T12:01:23+05:30"}
{"level":"ERROR","time":"2024-09-22T12:03:51+05:30","msg":"Logout failed","method":"POST","error":"user not found: failed to fetch user: ERROR: invalid input syntax for type uuid: \"\" (SQLSTATE 22P02)","time":"2024-09-22T12:03:51+05:30"}
{"level":"ERROR","time":"2024-09-22T18:13:11+05:30","msg":"Signup failed","method":"POST","error":"username already exists: dummy","time":"2024-09-22T18:13:11+05:30"}
{"level":"ERROR","time":"2024-09-22T18:13:12+05:30","msg":"Signup failed","method":"POST","error":"username already exists: dummy","time":"2024-09-22T18:13:12+05:30"}
{"level":"ERROR","time":"2024-09-22T18:23:18+05:30","msg":"Invalid token","error":"Token is expired","time":"2024-09-22T18:23:18+05:30"}
{"level":"ERROR","time":"2024-09-22T18:23:20+05:30","msg":"Invalid token","error":"Token is expired","time":"2024-09-22T18:23:20+05:30"}
{"level":"ERROR","time":"2024-09-22T18:23:46+05:30","msg":"Invalid question ID","method":"DELETE","error":"invalid question ID : must be a positive number","time":"2024-09-22T18:23:46+05:30"}
{"level":"ERROR","time":"2024-09-22T18:24:03+05:30","msg":"Invalid difficulty level","method":"GET","error":"invalid difficulty level: must be 'easy', 'medium', or 'hard'","time":"2024-09-22T18:24:03+05:30"}
{"level":"ERROR","time":"2024-09-22T18:24:10+05:30","msg":"Invalid difficulty level","method":"GET","error":"invalid difficulty level: must be 'easy', 'medium', or 'hard'","time":"2024-09-22T18:24:10+05:30"}
{"level":"ERROR","time":"2024-09-22T18:24:12+05:30","msg":"Invalid difficulty level","method":"GET","error":"invalid difficulty level: must be 'easy', 'medium', or 'hard'","time":"2024-09-22T18:24:12+05:30"}
{"level":"ERROR","time":"2024-09-22T18:24:19+05:30","msg":"Invalid difficulty level","method":"GET","error":"invalid difficulty level: must be 'easy', 'medium', or 'hard'","time":"2024-09-22T18:24:19+05:30"}
{"level":"ERROR","time":"2024-09-22T18:24:22+05:30","msg":"Invalid difficulty level","method":"GET","error":"invalid difficulty level: must be 'easy', 'medium', or 'hard'","time":"2024-09-22T18:24:22+05:30"}
{"level":"ERROR","time":"2024-09-22T18:26:34+05:30","msg":"Invalid difficulty level","method":"GET","error":"invalid difficulty level: must be 'easy', 'medium', or 'hard'","time":"2024-09-22T18:26:34+05:30"}
{"level":"ERROR","time":"2024-09-22T18:26:41+05:30","msg":"Invalid difficulty level","method":"GET","error":"invalid difficulty level: must be 'easy', 'medium', or 'hard'","time":"2024-09-22T18:26:41+05:30"}
{"level":"ERROR","time":"2024-09-22T18:26:45+05:30","msg":"Invalid difficulty level","method":"GET","error":"invalid difficulty level: must be 'easy', 'medium', or 'hard'","time":"2024-09-22T18:26:45+05:30"}
{"level":"ERROR","time":"2024-09-22T18:28:37+05:30","msg":"Invalid token","error":"Token is expired","time":"2024-09-22T18:28:37+05:30"}
{"level":"ERROR","time":"2024-09-22T19:24:13+05:30","msg":"Invalid token","error":"Token is expired","time":"2024-09-22T19:24:13+05:30"}
{"level":"ERROR","time":"2024-09-22T19:26:32+05:30","msg":"Invalid difficulty level","method":"GET","error":"invalid difficulty level: must be 'easy', 'medium', or 'hard'","time":"2024-09-22T19:26:32+05:30"}
{"level":"ERROR","time":"2024-09-22T19:38:54+05:30","msg":"Invalid token","error":"Token is expired","time":"2024-09-22T19:38:54+05:30"}
{"level":"ERROR","time":"2024-09-22T19:39:25+05:30","msg":"Missing Authorization header","error":null,"time":"2024-09-22T19:39:25+05:30"}
